[2019-12-13 04:42:12] laravel.EMERGENCY: Unable to create configured logger. Using emergency logger. {"exception":"[object] (InvalidArgumentException(code: 0): Log [] is not defined. at G:\\xampp_7\\htdocs\\ismart_true\\vendor\\laravel\\framework\\src\\Illuminate\\Log\\LogManager.php:168)
[stacktrace]
#0 G:\\xampp_7\\htdocs\\ismart_true\\vendor\\laravel\\framework\\src\\Illuminate\\Log\\LogManager.php(102): Illuminate\\Log\\LogManager->resolve(NULL)
#1 G:\\xampp_7\\htdocs\\ismart_true\\vendor\\laravel\\framework\\src\\Illuminate\\Log\\LogManager.php(90): Illuminate\\Log\\LogManager->get(NULL)
#2 G:\\xampp_7\\htdocs\\ismart_true\\vendor\\laravel\\framework\\src\\Illuminate\\Log\\LogManager.php(500): Illuminate\\Log\\LogManager->driver()
#3 G:\\xampp_7\\htdocs\\ismart_true\\vendor\\laravel\\framework\\src\\Illuminate\\Foundation\\Exceptions\\Handler.php(118): Illuminate\\Log\\LogManager->error('Undefined const...', Array)
#4 G:\\xampp_7\\htdocs\\ismart_true\\app\\Exceptions\\Handler.php(37): Illuminate\\Foundation\\Exceptions\\Handler->report(Object(Symfony\\Component\\Debug\\Exception\\FatalThrowableError))
#5 G:\\xampp_7\\htdocs\\ismart_true\\vendor\\laravel\\framework\\src\\Illuminate\\Foundation\\Console\\Kernel.php(378): App\\Exceptions\\Handler->report(Object(Symfony\\Component\\Debug\\Exception\\FatalThrowableError))
#6 G:\\xampp_7\\htdocs\\ismart_true\\vendor\\laravel\\framework\\src\\Illuminate\\Foundation\\Console\\Kernel.php(143): Illuminate\\Foundation\\Console\\Kernel->reportException(Object(Symfony\\Component\\Debug\\Exception\\FatalThrowableError))
#7 G:\\xampp_7\\htdocs\\ismart_true\\artisan(37): Illuminate\\Foundation\\Console\\Kernel->handle(Object(Symfony\\Component\\Console\\Input\\ArgvInput), Object(Symfony\\Component\\Console\\Output\\ConsoleOutput))
#8 {main}
"} 
[2019-12-13 04:42:12] laravel.ERROR: Undefined constant 'ConsoleTVs\Charts\chartsServiceProvider' {"exception":"[object] (Symfony\\Component\\Debug\\Exception\\FatalThrowableError(code: 0): Undefined constant 'ConsoleTVs\\Charts\\chartsServiceProvider' at G:\\xampp_7\\htdocs\\ismart_true\\config\\app.php:184)
[stacktrace]
#0 G:\\xampp_7\\htdocs\\ismart_true\\vendor\\laravel\\framework\\src\\Illuminate\\Foundation\\Bootstrap\\LoadConfiguration.php(72): require()
#1 G:\\xampp_7\\htdocs\\ismart_true\\vendor\\laravel\\framework\\src\\Illuminate\\Foundation\\Bootstrap\\LoadConfiguration.php(39): Illuminate\\Foundation\\Bootstrap\\LoadConfiguration->loadConfigurationFiles(Object(Illuminate\\Foundation\\Application), Object(Illuminate\\Config\\Repository))
#2 G:\\xampp_7\\htdocs\\ismart_true\\vendor\\laravel\\framework\\src\\Illuminate\\Foundation\\Application.php(210): Illuminate\\Foundation\\Bootstrap\\LoadConfiguration->bootstrap(Object(Illuminate\\Foundation\\Application))
#3 G:\\xampp_7\\htdocs\\ismart_true\\vendor\\laravel\\framework\\src\\Illuminate\\Foundation\\Console\\Kernel.php(322): Illuminate\\Foundation\\Application->bootstrapWith(Array)
#4 G:\\xampp_7\\htdocs\\ismart_true\\vendor\\laravel\\framework\\src\\Illuminate\\Foundation\\Console\\Kernel.php(131): Illuminate\\Foundation\\Console\\Kernel->bootstrap()
#5 G:\\xampp_7\\htdocs\\ismart_true\\artisan(37): Illuminate\\Foundation\\Console\\Kernel->handle(Object(Symfony\\Component\\Console\\Input\\ArgvInput), Object(Symfony\\Component\\Console\\Output\\ConsoleOutput))
#6 {main}
"} 
